<!DOCTYPE html PUBLIC "-//W3C//DTD XHTML 1.1//EN" "https://www.w3.org/TR/xhtml11/DTD/xhtml11.dtd">
<html xmlns="https://www.w3.org/1999/xhtml">
<head>
<meta http-equiv="content-type" content="text/html; charset=UTF-8"/>
<title>TestNG Report</title>
<style type="text/css">table {margin-bottom:10px;border-collapse:collapse;empty-cells:show}th,td {border:1px solid #009;padding:.25em .5em}th {vertical-align:bottom}td {vertical-align:top}table a {font-weight:bold}.stripe td {background-color: #E6EBF9}.num {text-align:right}.passedodd td {background-color: #3F3}.passedeven td {background-color: #0A0}.skippedodd td {background-color: #DDD}.skippedeven td {background-color: #CCC}.failedodd td,.attn {background-color: #F33}.failedeven td,.stripe .attn {background-color: #D00}.stacktrace {white-space:pre;font-family:monospace}.totop {font-size:85%;text-align:center;border-bottom:2px solid #000}.invisible {display:none}</style>
</head>
<body>
<table>
<tr><th>Test</th><th># Passed</th><th># Skipped</th><th># Retried</th><th># Failed</th><th>Time (ms)</th><th>Included Groups</th><th>Excluded Groups</th></tr>
<tr><th colspan="8">CRMPRO session</th></tr>
<tr><td><a href="#t0">CRMPRO</a></td><td class="num">5</td><td class="num">0</td><td class="num attn">4</td><td class="num attn">1</td><td class="num">234,759</td><td></td><td></td></tr>
</table>
<table id='summary'><thead><tr><th>Class</th><th>Method</th><th>Start</th><th>Time (ms)</th></tr></thead><tbody><tr><th colspan="4">CRMPRO session</th></tr></tbody><tbody id="t0"><tr><th colspan="4">CRMPRO &#8212; failed</th></tr><tr class="failedeven"><td rowspan="1">com.ecommerce.Test.ProductPageTest</td><td><a href="#m0">Verifyproductpage</a></td><td rowspan="1">1715241891456</td><td rowspan="1">37181</td></tr><tr><th colspan="4">CRMPRO &#8212; retried</th></tr><tr class="retriedeven"><td rowspan="1">com.ecommerce.Test.LoginPageTest</td><td><a href="#m1">LoginUserwithcorrectemailandpassword</a></td><td rowspan="1">1715241709779</td><td rowspan="1">94125</td></tr><tr class="retriedodd"><td rowspan="3">com.ecommerce.Test.ProductPageTest</td><td><a href="#m2">Verifyproductpage</a></td><td rowspan="3">1715241879847</td><td rowspan="3">7107</td></tr><tr class="retriedodd"><td><a href="#m3">Verifyproductpage</a></td></tr><tr class="retriedodd"><td><a href="#m4">Verifyproductpage</a></td></tr><tr><th colspan="4">CRMPRO &#8212; passed</th></tr><tr class="passedeven"><td rowspan="1">com.ecommerce.Test.ContactusPageTest</td><td><a href="#m5">clickoncontactus</a></td><td rowspan="1">1715241826638</td><td rowspan="1">9483</td></tr><tr class="passedodd"><td rowspan="3">com.ecommerce.Test.LoginPageTest</td><td><a href="#m6">LoginUserwithcorrectemailandpassword</a></td><td rowspan="1">1715241808645</td><td rowspan="1">4490</td></tr><tr class="passedodd"><td><a href="#m7">LoginUserwithincorrectemailandpassword</a></td><td rowspan="1">1715241818384</td><td rowspan="1">3449</td></tr><tr class="passedodd"><td><a href="#m8">validatelogintext</a></td><td rowspan="1">1715241703690</td><td rowspan="1">1800</td></tr><tr class="passedeven"><td rowspan="1">com.ecommerce.Test.ProductPageTest</td><td><a href="#m9">logintowebsite</a></td><td rowspan="1">1715241843296</td><td rowspan="1">4036</td></tr></tbody>
</table>
<h2>CRMPRO</h2><h3 id="m0">com.ecommerce.Test.ProductPageTest#Verifyproductpage</h3><table class="result"><tr><th>Exception</th></tr><tr><td><div class="stacktrace">java.lang.AssertionError: expected [ALL PRODUCTS] but found [FEATURES ITEMS]
	at com.ecommerce.Test.ProductPageTest.Verifyproductpage(ProductPageTest.java:50)
	at java.base/java.util.ArrayList.forEach(ArrayList.java:1511)
... Removed 33 stack frames</div></td></tr></table><p class="totop"><a href="#summary">back to summary</a></p>
<h3 id="m1">com.ecommerce.Test.LoginPageTest#LoginUserwithcorrectemailandpassword</h3><table class="result"><tr><th>Exception</th></tr><tr><td><div class="stacktrace">org.openqa.selenium.NoSuchElementException: no such element: Unable to locate element: {&quot;method&quot;:&quot;xpath&quot;,&quot;selector&quot;:&quot;//div//li//a[contains(text(),&apos;Logged in as&apos;)]&quot;}
  (Session info: chrome=124.0.6367.119)
For documentation on this error, please visit: https://www.selenium.dev/documentation/webdriver/troubleshooting/errors#no-such-element-exception
Build info: version: &apos;4.18.1&apos;, revision: &apos;b1d3319b48&apos;
System info: os.name: &apos;Windows 11&apos;, os.arch: &apos;amd64&apos;, os.version: &apos;10.0&apos;, java.version: &apos;17.0.5&apos;
Driver info: org.openqa.selenium.chrome.ChromeDriver
Command: [ca91ede5f3a016c3ba064e607ea466bd, findElement {value=//div//li//a[contains(text(),&apos;Logged in as&apos;)], using=xpath}]
Capabilities {acceptInsecureCerts: false, browserName: chrome, browserVersion: 124.0.6367.119, chrome: {chromedriverVersion: 124.0.6367.155 (df4f029328b..., userDataDir: C:\Users\shivs\AppData\Loca...}, fedcm:accounts: true, goog:chromeOptions: {debuggerAddress: localhost:50616}, networkConnectionEnabled: false, pageLoadStrategy: normal, platformName: windows, proxy: Proxy(), se:cdp: ws://localhost:50616/devtoo..., se:cdpVersion: 124.0.6367.119, setWindowRect: true, strictFileInteractability: false, timeouts: {implicit: 0, pageLoad: 300000, script: 30000}, unhandledPromptBehavior: dismiss and notify, webauthn:extension:credBlob: true, webauthn:extension:largeBlob: true, webauthn:extension:minPinLength: true, webauthn:extension:prf: true, webauthn:virtualAuthenticators: true}
Session ID: ca91ede5f3a016c3ba064e607ea466bd
	at org.openqa.selenium.remote.ErrorCodec.decode(ErrorCodec.java:167)
	at org.openqa.selenium.remote.codec.w3c.W3CHttpResponseCodec.decode(W3CHttpResponseCodec.java:138)
	at org.openqa.selenium.remote.codec.w3c.W3CHttpResponseCodec.decode(W3CHttpResponseCodec.java:50)
	at org.openqa.selenium.remote.HttpCommandExecutor.execute(HttpCommandExecutor.java:190)
	at org.openqa.selenium.remote.service.DriverCommandExecutor.invokeExecute(DriverCommandExecutor.java:216)
	at org.openqa.selenium.remote.service.DriverCommandExecutor.execute(DriverCommandExecutor.java:174)
	at org.openqa.selenium.remote.RemoteWebDriver.execute(RemoteWebDriver.java:519)
	at org.openqa.selenium.remote.ElementLocation$ElementFinder$2.findElement(ElementLocation.java:165)
	at org.openqa.selenium.remote.ElementLocation.findElement(ElementLocation.java:59)
	at org.openqa.selenium.remote.RemoteWebDriver.findElement(RemoteWebDriver.java:356)
	at org.openqa.selenium.remote.RemoteWebDriver.findElement(RemoteWebDriver.java:350)
	at org.openqa.selenium.support.pagefactory.DefaultElementLocator.findElement(DefaultElementLocator.java:68)
	at org.openqa.selenium.support.pagefactory.internal.LocatingElementHandler.invoke(LocatingElementHandler.java:38)
	at jdk.proxy2/jdk.proxy2.$Proxy13.getText(Unknown Source)
	at Pages.LoginPage.validateloggedintext(LoginPage.java:52)
	at com.ecommerce.Test.LoginPageTest.LoginUserwithcorrectemailandpassword(LoginPageTest.java:39)
	at java.base/java.util.ArrayList.forEach(ArrayList.java:1511)
... Removed 32 stack frames</div></td></tr></table><p class="totop"><a href="#summary">back to summary</a></p>
<h3 id="m2">com.ecommerce.Test.ProductPageTest#Verifyproductpage</h3><table class="result"><tr><th>Exception</th></tr><tr><td><div class="stacktrace">java.lang.AssertionError: expected [ALL PRODUCTS] but found [FEATURES ITEMS]
	at com.ecommerce.Test.ProductPageTest.Verifyproductpage(ProductPageTest.java:50)
	at java.base/java.util.ArrayList.forEach(ArrayList.java:1511)
... Removed 33 stack frames</div></td></tr></table><p class="totop"><a href="#summary">back to summary</a></p>
<h3 id="m3">com.ecommerce.Test.ProductPageTest#Verifyproductpage</h3><table class="result"><tr><th>Exception</th></tr><tr><td><div class="stacktrace">java.lang.AssertionError: expected [ALL PRODUCTS] but found [FEATURES ITEMS]
	at com.ecommerce.Test.ProductPageTest.Verifyproductpage(ProductPageTest.java:50)
	at java.base/java.util.ArrayList.forEach(ArrayList.java:1511)
... Removed 33 stack frames</div></td></tr></table><p class="totop"><a href="#summary">back to summary</a></p>
<h3 id="m4">com.ecommerce.Test.ProductPageTest#Verifyproductpage</h3><table class="result"><tr><th>Exception</th></tr><tr><td><div class="stacktrace">java.lang.AssertionError: expected [ALL PRODUCTS] but found [FEATURES ITEMS]
	at com.ecommerce.Test.ProductPageTest.Verifyproductpage(ProductPageTest.java:50)
	at java.base/java.util.ArrayList.forEach(ArrayList.java:1511)
... Removed 33 stack frames</div></td></tr></table><p class="totop"><a href="#summary">back to summary</a></p>
<h3 id="m5">com.ecommerce.Test.ContactusPageTest#clickoncontactus</h3><table class="result"><tr><th class="invisible"/></tr></table><p class="totop"><a href="#summary">back to summary</a></p>
<h3 id="m6">com.ecommerce.Test.LoginPageTest#LoginUserwithcorrectemailandpassword</h3><table class="result"><tr><th class="invisible"/></tr></table><p class="totop"><a href="#summary">back to summary</a></p>
<h3 id="m7">com.ecommerce.Test.LoginPageTest#LoginUserwithincorrectemailandpassword</h3><table class="result"><tr><th class="invisible"/></tr></table><p class="totop"><a href="#summary">back to summary</a></p>
<h3 id="m8">com.ecommerce.Test.LoginPageTest#validatelogintext</h3><table class="result"><tr><th class="invisible"/></tr></table><p class="totop"><a href="#summary">back to summary</a></p>
<h3 id="m9">com.ecommerce.Test.ProductPageTest#logintowebsite</h3><table class="result"><tr><th class="invisible"/></tr></table><p class="totop"><a href="#summary">back to summary</a></p>
</body>
</html>
